2018-08-29 16:49:11,015 impresso_commons INFO     Logger successfully initialised
2018-08-29 16:49:11,066 impresso_commons.path.path_s3 INFO     Start collecting key from s3 (not parallel)
2018-08-29 16:49:11,220 impresso_commons.path.path_s3 INFO     Start processing key.
2018-08-29 16:49:12,186 impresso_commons.text.helpers INFO     Read JSON of IssueDirectory(journal='GDL', date=datetime.date(1948, 9, 3), edition='a', path='GDL/1948/09/03/a/GDL-1948-09-03-a-issue.json')
2018-08-29 16:49:12,731 impresso_commons.text.helpers INFO     Read page GDL/1948/09/03/a/GDL-1948-09-03-a-p0001.json from bucket original-canonical-data
2018-08-29 16:49:12,763 impresso_commons.text.helpers ERROR    There was a problem reading GDL/1948/09/03/a/GDL-1948-09-03-a-p0002.json: Expecting value: line 1 column 1 (char 0)
2018-08-29 16:49:13,072 impresso_commons.text.helpers INFO     Read page GDL/1948/09/03/a/GDL-1948-09-03-a-p0003.json from bucket original-canonical-data
2018-08-29 16:49:14,109 impresso_commons.text.helpers INFO     Read page GDL/1948/09/03/a/GDL-1948-09-03-a-p0004.json from bucket original-canonical-data
2018-08-29 16:49:14,109 impresso_commons.text.helpers INFO     Rejoining pages for issue GDL/1948/09/03/a/GDL-1948-09-03-a-issue.json
2018-08-29 16:49:14,110 impresso_commons.text.helpers INFO     Extracting text regions for article GDL-1948-09-03-a-i0002
2018-08-29 16:49:14,110 impresso_commons INFO     Started rebuilding article GDL-1948-09-03-a-i0002
2018-08-29 16:49:14,110 impresso_commons INFO     Done rebuilding article GDL-1948-09-03-a-i0002 (Took 0:00:00.000214)
2018-08-29 16:49:14,110 impresso_commons.text.helpers INFO     Extracting text regions for article GDL-1948-09-03-a-i0003
2018-08-29 16:49:14,111 impresso_commons INFO     Started rebuilding article GDL-1948-09-03-a-i0003
2018-08-29 16:49:14,114 impresso_commons INFO     Done rebuilding article GDL-1948-09-03-a-i0003 (Took 0:00:00.003867)
2018-08-29 16:49:14,115 impresso_commons.text.helpers INFO     Extracting text regions for article GDL-1948-09-03-a-i0004
2018-08-29 16:49:14,115 impresso_commons INFO     Started rebuilding article GDL-1948-09-03-a-i0004
2018-08-29 16:49:14,116 impresso_commons INFO     Done rebuilding article GDL-1948-09-03-a-i0004 (Took 0:00:00.001237)
2018-08-29 16:49:14,116 impresso_commons.text.helpers INFO     Extracting text regions for article GDL-1948-09-03-a-i0005
2018-08-29 16:49:14,117 impresso_commons INFO     Started rebuilding article GDL-1948-09-03-a-i0005
2018-08-29 16:49:14,117 impresso_commons INFO     Done rebuilding article GDL-1948-09-03-a-i0005 (Took 0:00:00.000658)
2018-08-29 16:49:14,118 impresso_commons.text.helpers INFO     Extracting text regions for article GDL-1948-09-03-a-i0006
2018-08-29 16:49:14,118 impresso_commons INFO     Started rebuilding article GDL-1948-09-03-a-i0006
2018-08-29 16:49:14,122 impresso_commons INFO     Done rebuilding article GDL-1948-09-03-a-i0006 (Took 0:00:00.003849)
2018-08-29 16:49:14,122 impresso_commons.text.helpers INFO     Extracting text regions for article GDL-1948-09-03-a-i0007
2018-08-29 16:49:14,122 impresso_commons INFO     Started rebuilding article GDL-1948-09-03-a-i0007
2018-08-29 16:49:14,124 impresso_commons INFO     Done rebuilding article GDL-1948-09-03-a-i0007 (Took 0:00:00.001963)
2018-08-29 16:49:14,125 impresso_commons.text.helpers INFO     Extracting text regions for article GDL-1948-09-03-a-i0009
2018-08-29 16:49:14,125 impresso_commons INFO     Started rebuilding article GDL-1948-09-03-a-i0009
2018-08-29 16:49:14,128 impresso_commons INFO     Done rebuilding article GDL-1948-09-03-a-i0009 (Took 0:00:00.003011)
2018-08-29 16:49:14,128 impresso_commons.text.helpers INFO     Extracting text regions for article GDL-1948-09-03-a-i0010
2018-08-29 16:49:14,128 impresso_commons INFO     Started rebuilding article GDL-1948-09-03-a-i0010
2018-08-29 16:49:14,129 impresso_commons INFO     Done rebuilding article GDL-1948-09-03-a-i0010 (Took 0:00:00.001290)
2018-08-29 16:49:14,130 impresso_commons.text.helpers INFO     Extracting text regions for article GDL-1948-09-03-a-i0011
2018-08-29 16:49:14,130 impresso_commons WARNING  Article GDL-1948-09-03-a-i0011 won't be rebuilt.
2018-08-29 16:49:14,130 impresso_commons.text.helpers INFO     Extracting text regions for article GDL-1948-09-03-a-i0013
2018-08-29 16:49:14,130 impresso_commons WARNING  Article GDL-1948-09-03-a-i0013 won't be rebuilt.
2018-08-29 16:49:14,131 impresso_commons.text.helpers INFO     Extracting text regions for article GDL-1948-09-03-a-i0014
2018-08-29 16:49:14,131 impresso_commons WARNING  Article GDL-1948-09-03-a-i0014 won't be rebuilt.
2018-08-29 16:49:14,131 impresso_commons.text.helpers INFO     Extracting text regions for article GDL-1948-09-03-a-i0017
2018-08-29 16:49:14,131 impresso_commons WARNING  Article GDL-1948-09-03-a-i0017 won't be rebuilt.
2018-08-29 16:49:14,131 impresso_commons.text.helpers INFO     Extracting text regions for article GDL-1948-09-03-a-i0021
2018-08-29 16:49:14,132 impresso_commons WARNING  Article GDL-1948-09-03-a-i0021 won't be rebuilt.
2018-08-29 16:49:14,132 impresso_commons.text.helpers INFO     Extracting text regions for article GDL-1948-09-03-a-i0022
2018-08-29 16:49:14,132 impresso_commons WARNING  Article GDL-1948-09-03-a-i0022 won't be rebuilt.
2018-08-29 16:49:14,132 impresso_commons.text.helpers INFO     Extracting text regions for article GDL-1948-09-03-a-i0023
2018-08-29 16:49:14,132 impresso_commons WARNING  Article GDL-1948-09-03-a-i0023 won't be rebuilt.
2018-08-29 16:49:14,132 impresso_commons.text.helpers INFO     Extracting text regions for article GDL-1948-09-03-a-i0024
2018-08-29 16:49:14,133 impresso_commons WARNING  Article GDL-1948-09-03-a-i0024 won't be rebuilt.
2018-08-29 16:49:14,133 impresso_commons.text.helpers INFO     Extracting text regions for article GDL-1948-09-03-a-i0025
2018-08-29 16:49:14,133 impresso_commons WARNING  Article GDL-1948-09-03-a-i0025 won't be rebuilt.
2018-08-29 16:49:14,133 impresso_commons.text.helpers INFO     Extracting text regions for article GDL-1948-09-03-a-i0029
2018-08-29 16:49:14,134 impresso_commons INFO     Started rebuilding article GDL-1948-09-03-a-i0029
2018-08-29 16:49:14,139 impresso_commons INFO     Done rebuilding article GDL-1948-09-03-a-i0029 (Took 0:00:00.004847)
2018-08-29 16:49:14,139 impresso_commons.text.helpers INFO     Extracting text regions for article GDL-1948-09-03-a-i0030
2018-08-29 16:49:14,139 impresso_commons INFO     Started rebuilding article GDL-1948-09-03-a-i0030
2018-08-29 16:49:14,140 impresso_commons INFO     Done rebuilding article GDL-1948-09-03-a-i0030 (Took 0:00:00.000429)
2018-08-29 16:49:14,140 impresso_commons.text.helpers INFO     Extracting text regions for article GDL-1948-09-03-a-i0050
2018-08-29 16:49:14,140 impresso_commons INFO     Started rebuilding article GDL-1948-09-03-a-i0050
2018-08-29 16:49:14,141 impresso_commons INFO     Done rebuilding article GDL-1948-09-03-a-i0050 (Took 0:00:00.001338)
2018-08-29 16:49:14,141 impresso_commons.text.helpers INFO     Extracting text regions for article GDL-1948-09-03-a-i0051
2018-08-29 16:49:14,142 impresso_commons INFO     Started rebuilding article GDL-1948-09-03-a-i0051
2018-08-29 16:49:14,142 impresso_commons INFO     Done rebuilding article GDL-1948-09-03-a-i0051 (Took 0:00:00.000714)
2018-08-29 16:49:14,143 impresso_commons.text.helpers INFO     Extracting text regions for article GDL-1948-09-03-a-i0056
2018-08-29 16:49:14,144 impresso_commons INFO     Started rebuilding article GDL-1948-09-03-a-i0056
2018-08-29 16:49:14,147 impresso_commons INFO     Done rebuilding article GDL-1948-09-03-a-i0056 (Took 0:00:00.002797)
2018-08-29 16:49:14,148 impresso_commons.text.helpers INFO     Extracting text regions for article GDL-1948-09-03-a-i0062
2018-08-29 16:49:14,149 impresso_commons INFO     Started rebuilding article GDL-1948-09-03-a-i0062
2018-08-29 16:49:14,155 impresso_commons INFO     Done rebuilding article GDL-1948-09-03-a-i0062 (Took 0:00:00.005958)
2018-08-29 16:49:14,156 impresso_commons.text.helpers INFO     Extracting text regions for article GDL-1948-09-03-a-i0072
2018-08-29 16:49:14,156 impresso_commons INFO     Started rebuilding article GDL-1948-09-03-a-i0072
2018-08-29 16:49:14,159 impresso_commons INFO     Done rebuilding article GDL-1948-09-03-a-i0072 (Took 0:00:00.003375)
2018-08-29 16:49:14,160 impresso_commons.text.helpers INFO     Extracting text regions for article GDL-1948-09-03-a-i0074
2018-08-29 16:49:14,160 impresso_commons INFO     Started rebuilding article GDL-1948-09-03-a-i0074
2018-08-29 16:49:14,161 impresso_commons INFO     Done rebuilding article GDL-1948-09-03-a-i0074 (Took 0:00:00.001546)
2018-08-29 16:49:14,161 impresso_commons.text.helpers INFO     Extracting text regions for article GDL-1948-09-03-a-i0075
2018-08-29 16:49:14,162 impresso_commons INFO     Started rebuilding article GDL-1948-09-03-a-i0075
2018-08-29 16:49:14,162 impresso_commons INFO     Done rebuilding article GDL-1948-09-03-a-i0075 (Took 0:00:00.000672)
2018-08-29 16:49:14,163 impresso_commons.text.helpers INFO     Extracting text regions for article GDL-1948-09-03-a-i0077
2018-08-29 16:49:14,163 impresso_commons INFO     Started rebuilding article GDL-1948-09-03-a-i0077
2018-08-29 16:49:14,164 impresso_commons INFO     Done rebuilding article GDL-1948-09-03-a-i0077 (Took 0:00:00.000787)
2018-08-29 16:49:14,164 impresso_commons.text.helpers INFO     Extracting text regions for article GDL-1948-09-03-a-i0078
2018-08-29 16:49:14,164 impresso_commons INFO     Started rebuilding article GDL-1948-09-03-a-i0078
2018-08-29 16:49:14,164 impresso_commons INFO     Done rebuilding article GDL-1948-09-03-a-i0078 (Took 0:00:00.000376)
2018-08-29 16:49:14,165 impresso_commons.text.helpers INFO     Extracting text regions for article GDL-1948-09-03-a-i0079
2018-08-29 16:49:14,165 impresso_commons INFO     Started rebuilding article GDL-1948-09-03-a-i0079
2018-08-29 16:49:14,168 impresso_commons INFO     Done rebuilding article GDL-1948-09-03-a-i0079 (Took 0:00:00.002690)
2018-08-29 16:49:14,168 impresso_commons.text.helpers INFO     Extracting text regions for article GDL-1948-09-03-a-i0080
2018-08-29 16:49:14,168 impresso_commons INFO     Started rebuilding article GDL-1948-09-03-a-i0080
2018-08-29 16:49:14,169 impresso_commons INFO     Done rebuilding article GDL-1948-09-03-a-i0080 (Took 0:00:00.000775)
2018-08-29 16:49:14,169 impresso_commons.text.helpers INFO     Extracting text regions for article GDL-1948-09-03-a-i0081
2018-08-29 16:49:14,169 impresso_commons INFO     Started rebuilding article GDL-1948-09-03-a-i0081
2018-08-29 16:49:14,171 impresso_commons INFO     Done rebuilding article GDL-1948-09-03-a-i0081 (Took 0:00:00.001693)
2018-08-29 16:49:14,171 impresso_commons.text.helpers INFO     Extracting text regions for article GDL-1948-09-03-a-i0082
2018-08-29 16:49:14,171 impresso_commons INFO     Started rebuilding article GDL-1948-09-03-a-i0082
2018-08-29 16:49:14,172 impresso_commons INFO     Done rebuilding article GDL-1948-09-03-a-i0082 (Took 0:00:00.000454)
2018-08-29 16:49:14,172 impresso_commons.text.helpers INFO     Extracting text regions for article GDL-1948-09-03-a-i0083
2018-08-29 16:49:14,172 impresso_commons INFO     Started rebuilding article GDL-1948-09-03-a-i0083
2018-08-29 16:49:14,174 impresso_commons INFO     Done rebuilding article GDL-1948-09-03-a-i0083 (Took 0:00:00.001759)
2018-08-29 16:49:16,413 impresso_commons INFO     Serializing GDL-194 (n = 24)
